  Creature.cpp
  Player.cpp
E:\GitHub\DarkSouls\DarkSouls\DarkSouls\Common\Vector.hpp(35,1): error C2678: binary '[': no operator found which takes a left-hand operand of type 'const Vector<double>' (or there is no acceptable conversion)
E:\GitHub\DarkSouls\DarkSouls\DarkSouls\Common\Vector.hpp(15,5): message : could be 'T &Vector<T>::operator [](size_t)'
          with
          [
              T=double
          ]
E:\GitHub\DarkSouls\DarkSouls\DarkSouls\Common\Vector.hpp(35,1): message : while trying to match the argument list '(const Vector<double>, size_t)'
E:\GitHub\DarkSouls\DarkSouls\DarkSouls\Common\Vector.hpp(30): message : while compiling class template member function 'void Vector<double>::copyFrom(const Vector<double> &)'
E:\GitHub\DarkSouls\DarkSouls\DarkSouls\Common\Vector.hpp(57): message : see reference to function template instantiation 'void Vector<double>::copyFrom(const Vector<double> &)' being compiled
E:\GitHub\DarkSouls\DarkSouls\DarkSouls\Common\Vector.hpp(55): message : while compiling class template member function 'Vector<double>::Vector(const Vector<double> &)'
E:\GitHub\DarkSouls\DarkSouls\DarkSouls\Creatures\Player.cpp(6): message : see reference to function template instantiation 'Vector<double>::Vector(const Vector<double> &)' being compiled
E:\GitHub\DarkSouls\DarkSouls\DarkSouls\Creatures\Player.h(35): message : see reference to class template instantiation 'Vector<double>' being compiled
  Game.cpp
  Spell.cpp
E:\GitHub\DarkSouls\DarkSouls\DarkSouls\Items\Spell.cpp(12,46): error C2614: 'Spell': illegal member initialization: 'Creature' is not a base or member
  Weapon.cpp
E:\GitHub\DarkSouls\DarkSouls\DarkSouls\Items\Weapon.cpp(12,48): error C2614: 'Weapon': illegal member initialization: 'Creature' is not a base or member
E:\GitHub\DarkSouls\DarkSouls\DarkSouls\Items\Weapon.cpp(33,24): error C2065: 'neededMaxStrength': undeclared identifier
E:\GitHub\DarkSouls\DarkSouls\DarkSouls\Items\Weapon.cpp(33,50): error C2065: 'neededMaxStrength': undeclared identifier
E:\GitHub\DarkSouls\DarkSouls\DarkSouls\Items\Weapon.cpp(40,17): error C2065: 'neededMaxStrength': undeclared identifier
E:\GitHub\DarkSouls\DarkSouls\DarkSouls\Items\Weapon.cpp(40,43): error C2065: 'neededMaxStrength': undeclared identifier
  Main.cpp
  Generating Code...
E:\GitHub\DarkSouls\DarkSouls\DarkSouls\Creatures\Player.h(39): warning C4172: returning address of local variable or temporary: stats
